<?xml version="1.0" encoding="UTF-8"?>
<!-- Generated by org.testng.reporters.JUnitReportReporter -->
<testsuite hostname="INLN34327521A" name="com.javainuse.controllers.AppController" tests="2" failures="0" timestamp="30 Sep 2020 13:23:45 GMT" time="0.006" errors="0">
  <testcase name="testEmployee" time="0.004" classname="com.javainuse.controllers.AppController"/>
  <testcase name="testEmployee1" time="0.002" classname="com.javainuse.controllers.AppController"/>
</testsuite> <!-- com.javainuse.controllers.AppController -->
